This file contains any messages produced by compilers while
running configure, to aid debugging if configure makes a mistake.

It was created by hdbextractor configure 1.0.1, which was
generated by GNU Autoconf 2.71.  Invocation command line was

  $ ./configure --prefix=/usr/local/hdbextractor PKG_CONFIG_PATH=/usr/local/caserver-lib/lib/pkgconfig:/usr/local/epics/base-7.0.3.1/lib/pkgconfig:/usr/local/tango-9.4.0/lib/pkgconfig:/usr/local/omniorb-4.3.0/lib/pkgconfig:/usr/local/zeromq-4.3.4/lib/pkgconfig:/usr/local/qwt-6.2.0/lib/pkgconfig:/usr/local/cumbia-libs/lib/pkgconfig:/usr/local/hdbextractor/lib/pkgconfig --no-create --no-recursion

## --------- ##
## Platform. ##
## --------- ##

hostname = taeyang
uname -m = x86_64
uname -r = 5.16.11-arch1-2
uname -s = Linux
uname -v = #1 SMP PREEMPT Mon, 28 Feb 2022 10:17:30 +0000

/usr/bin/uname -p = unknown
/bin/uname -X     = unknown

/bin/arch              = unknown
/usr/bin/arch -k       = unknown
/usr/convex/getsysinfo = unknown
/usr/bin/hostinfo      = unknown
/bin/machine           = unknown
/usr/bin/oslevel       = unknown
/bin/universe          = unknown

PATH: /usr/local/bin/
PATH: /usr/bin/
PATH: /usr/local/sbin/
PATH: /usr/lib/jvm/default/bin/
PATH: /usr/bin/site_perl/
PATH: /usr/bin/vendor_perl/
PATH: /usr/bin/core_perl/
PATH: /usr/local/qt/Tools/QtCreator/bin/
PATH: /usr/local/qt/5.11.1/gcc_64/bin/
PATH: /usr/local/tango-9.4.0/bin/
PATH: /usr/local/omniorb-4.3.0/bin/
PATH: /runtime/fermi/panels/bin/
PATH: /runtime/bin/
PATH: /usr/local/cumbia-libs/bin/
PATH: /usr/local/epics/base-7.0.3.1/bin/linux-x86_64/
PATH: /home/giacomo/devel/android-sdks/tools/
PATH: /home/giacomo/devel/android-sdks/platform-tools/
PATH: /home/giacomo/devel/emsdk-1.38.47/fastcomp/bin/


## ----------- ##
## Core tests. ##
## ----------- ##

configure:2972: looking for aux files: missing install-sh compile config.guess config.sub ltmain.sh
configure:2985:  trying ./
configure:3014:   ./missing found
configure:2996:   ./install-sh found
configure:3014:   ./compile found
configure:3014:   ./config.guess found
configure:3014:   ./config.sub found
configure:3014:   ./ltmain.sh found
configure:3216: checking build system type
configure:3231: result: x86_64-unknown-linux-gnu
configure:3251: checking host system type
configure:3265: result: x86_64-unknown-linux-gnu
configure:3306: checking how to print strings
configure:3333: result: printf
configure:3419: checking for gcc
configure:3440: found /usr/bin/gcc
configure:3451: result: gcc
configure:3804: checking for C compiler version
configure:3813: gcc --version >&5
gcc (GCC) 11.2.0
Copyright (C) 2021 Free Software Foundation, Inc.
This is free software; see the source for copying conditions.  There is NO
warranty; not even for MERCHANTABILITY or FITNESS FOR A PARTICULAR PURPOSE.

configure:3824: $? = 0
configure:3813: gcc -v >&5
Using built-in specs.
COLLECT_GCC=gcc
COLLECT_LTO_WRAPPER=/usr/lib/gcc/x86_64-pc-linux-gnu/11.2.0/lto-wrapper
Target: x86_64-pc-linux-gnu
Configured with: /build/gcc/src/gcc/configure --enable-languages=c,c++,ada,fortran,go,lto,objc,obj-c++,d --enable-bootstrap --prefix=/usr --libdir=/usr/lib --libexecdir=/usr/lib --mandir=/usr/share/man --infodir=/usr/share/info --with-bugurl=https://bugs.archlinux.org/ --with-linker-hash-style=gnu --with-system-zlib --enable-__cxa_atexit --enable-cet=auto --enable-checking=release --enable-clocale=gnu --enable-default-pie --enable-default-ssp --enable-gnu-indirect-function --enable-gnu-unique-object --enable-linker-build-id --enable-lto --enable-multilib --enable-plugin --enable-shared --enable-threads=posix --disable-libssp --disable-libstdcxx-pch --disable-werror --with-build-config=bootstrap-lto --enable-link-serialization=1 gdc_include_dir=/usr/include/dlang/gdc
Thread model: posix
Supported LTO compression algorithms: zlib zstd
gcc version 11.2.0 (GCC) 
configure:3824: $? = 0
configure:3813: gcc -V >&5
gcc: error: unrecognized command-line option '-V'
gcc: fatal error: no input files
compilation terminated.
configure:3824: $? = 1
configure:3813: gcc -qversion >&5
gcc: error: unrecognized command-line option '-qversion'; did you mean '--version'?
gcc: fatal error: no input files
compilation terminated.
configure:3824: $? = 1
configure:3813: gcc -version >&5
gcc: error: unrecognized command-line option '-version'
gcc: fatal error: no input files
compilation terminated.
configure:3824: $? = 1
configure:3844: checking whether the C compiler works
configure:3866: gcc    conftest.c  >&5
configure:3870: $? = 0
configure:3920: result: yes
configure:3923: checking for C compiler default output file name
configure:3925: result: a.out
configure:3931: checking for suffix of executables
configure:3938: gcc -o conftest    conftest.c  >&5
configure:3942: $? = 0
configure:3965: result: 
configure:3987: checking whether we are cross compiling
configure:3995: gcc -o conftest    conftest.c  >&5
configure:3999: $? = 0
configure:4006: ./conftest
configure:4010: $? = 0
configure:4025: result: no
configure:4030: checking for suffix of object files
configure:4053: gcc -c   conftest.c >&5
configure:4057: $? = 0
configure:4079: result: o
configure:4083: checking whether the compiler supports GNU C
configure:4103: gcc -c   conftest.c >&5
configure:4103: $? = 0
configure:4113: result: yes
configure:4124: checking whether gcc accepts -g
configure:4145: gcc -c -g  conftest.c >&5
configure:4145: $? = 0
configure:4189: result: yes
configure:4209: checking for gcc option to enable C11 features
configure:4224: gcc  -c -g -O2  conftest.c >&5
configure:4224: $? = 0
configure:4242: result: none needed
configure:4358: checking whether gcc understands -c and -o together
configure:4381: gcc -c conftest.c -o conftest2.o
configure:4384: $? = 0
configure:4381: gcc -c conftest.c -o conftest2.o
configure:4384: $? = 0
configure:4396: result: yes
configure:4413: checking for a sed that does not truncate output
configure:4483: result: /usr/bin/sed
configure:4501: checking for grep that handles long lines and -e
configure:4565: result: /usr/bin/grep
configure:4570: checking for egrep
configure:4638: result: /usr/bin/grep -E
configure:4643: checking for fgrep
configure:4711: result: /usr/bin/grep -F
configure:4747: checking for ld used by gcc
configure:4815: result: /usr/bin/ld
configure:4822: checking if the linker (/usr/bin/ld) is GNU ld
configure:4838: result: yes
configure:4850: checking for BSD- or MS-compatible name lister (nm)
configure:4905: result: /usr/bin/nm -B
configure:5045: checking the name lister (/usr/bin/nm -B) interface
configure:5053: gcc -c -g -O2  conftest.c >&5
configure:5056: /usr/bin/nm -B "conftest.o"
configure:5059: output
0000000000000000 B some_variable
configure:5066: result: BSD nm
configure:5069: checking whether ln -s works
configure:5073: result: yes
configure:5081: checking the maximum length of command line arguments
configure:5213: result: 1572864
configure:5261: checking how to convert x86_64-unknown-linux-gnu file names to x86_64-unknown-linux-gnu format
configure:5302: result: func_convert_file_noop
configure:5309: checking how to convert x86_64-unknown-linux-gnu file names to toolchain format
configure:5330: result: func_convert_file_noop
configure:5337: checking for /usr/bin/ld option to reload object files
configure:5345: result: -r
configure:5424: checking for objdump
configure:5445: found /usr/bin/objdump
configure:5456: result: objdump
configure:5488: checking how to recognize dependent libraries
configure:5689: result: pass_all
configure:5779: checking for dlltool
configure:5814: result: no
configure:5844: checking how to associate runtime and link libraries
configure:5872: result: printf %s\n
configure:5938: checking for ar
configure:5959: found /usr/bin/ar
configure:5970: result: ar
configure:6007: checking for archiver @FILE support
configure:6025: gcc -c -g -O2  conftest.c >&5
configure:6025: $? = 0
configure:6029: ar cru libconftest.a @conftest.lst >&5
ar: `u' modifier ignored since `D' is the default (see `U')
configure:6032: $? = 0
configure:6037: ar cru libconftest.a @conftest.lst >&5
ar: `u' modifier ignored since `D' is the default (see `U')
ar: conftest.o: No such file or directory
configure:6040: $? = 1
configure:6052: result: @
configure:6115: checking for strip
configure:6136: found /usr/bin/strip
configure:6147: result: strip
configure:6224: checking for ranlib
configure:6245: found /usr/bin/ranlib
configure:6256: result: ranlib
configure:6333: checking for gawk
configure:6354: found /usr/bin/gawk
configure:6365: result: gawk
configure:6405: checking command to parse /usr/bin/nm -B output from gcc object
configure:6559: gcc -c -g -O2  conftest.c >&5
configure:6562: $? = 0
configure:6566: /usr/bin/nm -B conftest.o \| sed -n -e 's/^.*[ ]\([ABCDGIRSTW][ABCDGIRSTW]*\)[ ][ ]*\([_A-Za-z][_A-Za-z0-9]*\)$/\1 \2 \2/p' | sed '/ __gnu_lto/d' \> conftest.nm
configure:6569: $? = 0
configure:6635: gcc -o conftest -g -O2   conftest.c conftstm.o >&5
configure:6638: $? = 0
configure:6676: result: ok
configure:6723: checking for sysroot
configure:6754: result: no
configure:6761: checking for a working dd
configure:6805: result: /usr/bin/dd
configure:6809: checking how to truncate binary pipes
configure:6825: result: /usr/bin/dd bs=4096 count=1
configure:6962: gcc -c -g -O2  conftest.c >&5
configure:6965: $? = 0
configure:7162: checking for mt
configure:7197: result: no
configure:7217: checking if : is a manifest tool
configure:7224: : '-?'
configure:7232: result: no
configure:7962: checking for stdio.h
configure:7962: gcc -c -g -O2  conftest.c >&5
configure:7962: $? = 0
configure:7962: result: yes
configure:7962: checking for stdlib.h
configure:7962: gcc -c -g -O2  conftest.c >&5
configure:7962: $? = 0
configure:7962: result: yes
configure:7962: checking for string.h
configure:7962: gcc -c -g -O2  conftest.c >&5
configure:7962: $? = 0
configure:7962: result: yes
configure:7962: checking for inttypes.h
configure:7962: gcc -c -g -O2  conftest.c >&5
configure:7962: $? = 0
configure:7962: result: yes
configure:7962: checking for stdint.h
configure:7962: gcc -c -g -O2  conftest.c >&5
configure:7962: $? = 0
configure:7962: result: yes
configure:7962: checking for strings.h
configure:7962: gcc -c -g -O2  conftest.c >&5
configure:7962: $? = 0
configure:7962: result: yes
configure:7962: checking for sys/stat.h
configure:7962: gcc -c -g -O2  conftest.c >&5
configure:7962: $? = 0
configure:7962: result: yes
configure:7962: checking for sys/types.h
configure:7962: gcc -c -g -O2  conftest.c >&5
configure:7962: $? = 0
configure:7962: result: yes
configure:7962: checking for unistd.h
configure:7962: gcc -c -g -O2  conftest.c >&5
configure:7962: $? = 0
configure:7962: result: yes
configure:7962: checking for sys/time.h
configure:7962: gcc -c -g -O2  conftest.c >&5
configure:7962: $? = 0
configure:7962: result: yes
configure:7987: checking for dlfcn.h
configure:7987: gcc -c -g -O2  conftest.c >&5
configure:7987: $? = 0
configure:7987: result: yes
configure:8215: checking for objdir
configure:8231: result: .libs
configure:8495: checking if gcc supports -fno-rtti -fno-exceptions
configure:8514: gcc -c -g -O2  -fno-rtti -fno-exceptions conftest.c >&5
cc1: warning: command-line option '-fno-rtti' is valid for C++/D/ObjC++ but not for C
configure:8518: $? = 0
configure:8531: result: no
configure:8889: checking for gcc option to produce PIC
configure:8897: result: -fPIC -DPIC
configure:8905: checking if gcc PIC flag -fPIC -DPIC works
configure:8924: gcc -c -g -O2  -fPIC -DPIC -DPIC conftest.c >&5
configure:8928: $? = 0
configure:8941: result: yes
configure:8970: checking if gcc static flag -static works
configure:8999: result: yes
configure:9014: checking if gcc supports -c -o file.o
configure:9036: gcc -c -g -O2  -o out/conftest2.o conftest.c >&5
configure:9040: $? = 0
configure:9062: result: yes
configure:9070: checking if gcc supports -c -o file.o
configure:9118: result: yes
configure:9151: checking whether the gcc linker (/usr/bin/ld -m elf_x86_64) supports shared libraries
configure:10417: result: yes
configure:10454: checking whether -lc should be explicitly linked in
configure:10463: gcc -c -g -O2  conftest.c >&5
configure:10466: $? = 0
configure:10481: gcc -shared  -fPIC -DPIC conftest.o  -v -Wl,-soname -Wl,conftest -o conftest 2\>\&1 \| /usr/bin/grep  -lc  \>/dev/null 2\>\&1
configure:10484: $? = 0
configure:10498: result: no
configure:10658: checking dynamic linker characteristics
configure:11240: gcc -o conftest -g -O2   -Wl,-rpath -Wl,/foo conftest.c  >&5
configure:11240: $? = 0
configure:11479: result: GNU/Linux ld.so
configure:11601: checking how to hardcode library paths into programs
configure:11626: result: immediate
configure:12178: checking whether stripping libraries is possible
configure:12183: result: yes
configure:12218: checking if libtool supports shared libraries
configure:12220: result: yes
configure:12223: checking whether to build shared libraries
configure:12248: result: yes
configure:12251: checking whether to build static libraries
configure:12255: result: yes
configure:12310: checking for a BSD-compatible install
configure:12383: result: /usr/bin/install -c
configure:12394: checking whether build environment is sane
configure:12449: result: yes
configure:12604: checking for a race-free mkdir -p
configure:12648: result: /usr/bin/mkdir -p
configure:12651: checking whether make sets $(MAKE)
configure:12674: result: yes
configure:12696: checking whether make supports the include directive
configure:12711: make -f confmf.GNU && cat confinc.out
make[1]: Entering directory '/home/giacomo/devel/utils/git/hdbextractor'
make[1]: Leaving directory '/home/giacomo/devel/utils/git/hdbextractor'
this is the am__doit target
configure:12714: $? = 0
configure:12733: result: yes (GNU style)
configure:12768: checking whether make supports nested variables
configure:12786: result: yes
configure:12867: checking dependency style of gcc
configure:12979: result: gcc3
configure:13126: checking for g++
configure:13147: found /usr/bin/g++
configure:13158: result: g++
configure:13185: checking for C++ compiler version
configure:13194: g++ --version >&5
g++ (GCC) 11.2.0
Copyright (C) 2021 Free Software Foundation, Inc.
This is free software; see the source for copying conditions.  There is NO
warranty; not even for MERCHANTABILITY or FITNESS FOR A PARTICULAR PURPOSE.

configure:13205: $? = 0
configure:13194: g++ -v >&5
Using built-in specs.
COLLECT_GCC=g++
COLLECT_LTO_WRAPPER=/usr/lib/gcc/x86_64-pc-linux-gnu/11.2.0/lto-wrapper
Target: x86_64-pc-linux-gnu
Configured with: /build/gcc/src/gcc/configure --enable-languages=c,c++,ada,fortran,go,lto,objc,obj-c++,d --enable-bootstrap --prefix=/usr --libdir=/usr/lib --libexecdir=/usr/lib --mandir=/usr/share/man --infodir=/usr/share/info --with-bugurl=https://bugs.archlinux.org/ --with-linker-hash-style=gnu --with-system-zlib --enable-__cxa_atexit --enable-cet=auto --enable-checking=release --enable-clocale=gnu --enable-default-pie --enable-default-ssp --enable-gnu-indirect-function --enable-gnu-unique-object --enable-linker-build-id --enable-lto --enable-multilib --enable-plugin --enable-shared --enable-threads=posix --disable-libssp --disable-libstdcxx-pch --disable-werror --with-build-config=bootstrap-lto --enable-link-serialization=1 gdc_include_dir=/usr/include/dlang/gdc
Thread model: posix
Supported LTO compression algorithms: zlib zstd
gcc version 11.2.0 (GCC) 
configure:13205: $? = 0
configure:13194: g++ -V >&5
g++: error: unrecognized command-line option '-V'
g++: fatal error: no input files
compilation terminated.
configure:13205: $? = 1
configure:13194: g++ -qversion >&5
g++: error: unrecognized command-line option '-qversion'; did you mean '--version'?
g++: fatal error: no input files
compilation terminated.
configure:13205: $? = 1
configure:13209: checking whether the compiler supports GNU C++
configure:13229: g++ -c   conftest.cpp >&5
configure:13229: $? = 0
configure:13239: result: yes
configure:13250: checking whether g++ accepts -g
configure:13271: g++ -c -g  conftest.cpp >&5
configure:13271: $? = 0
configure:13315: result: yes
configure:13335: checking for g++ option to enable C++11 features
configure:13350: g++  -c -g -O2  conftest.cpp >&5
conftest.cpp: In function 'int main(int, char**)':
conftest.cpp:190:25: warning: empty parentheses were disambiguated as a function declaration [-Wvexing-parse]
  190 |   cxx11test::delegate d2();
      |                         ^~
conftest.cpp:190:25: note: remove parentheses to default-initialize a variable
  190 |   cxx11test::delegate d2();
      |                         ^~
      |                         --
conftest.cpp:190:25: note: or replace parentheses with braces to value-initialize a variable
configure:13350: $? = 0
configure:13368: result: none needed
configure:13450: checking how to run the C++ preprocessor
configure:13472: g++ -E  conftest.cpp
configure:13472: $? = 0
configure:13487: g++ -E  conftest.cpp
conftest.cpp:24:10: fatal error: ac_nonexistent.h: No such file or directory
   24 | #include <ac_nonexistent.h>
      |          ^~~~~~~~~~~~~~~~~~
compilation terminated.
configure:13487: $? = 1
configure: failed program was:
| /* confdefs.h */
| #define PACKAGE_NAME "hdbextractor"
| #define PACKAGE_TARNAME "hdbextractor"
| #define PACKAGE_VERSION "1.0.1"
| #define PACKAGE_STRING "hdbextractor 1.0.1"
| #define PACKAGE_BUGREPORT "giacomo.strangolino@elettra.trieste.it"
| #define PACKAGE_URL ""
| #define HAVE_STDIO_H 1
| #define HAVE_STDLIB_H 1
| #define HAVE_STRING_H 1
| #define HAVE_INTTYPES_H 1
| #define HAVE_STDINT_H 1
| #define HAVE_STRINGS_H 1
| #define HAVE_SYS_STAT_H 1
| #define HAVE_SYS_TYPES_H 1
| #define HAVE_UNISTD_H 1
| #define HAVE_SYS_TIME_H 1
| #define STDC_HEADERS 1
| #define HAVE_DLFCN_H 1
| #define LT_OBJDIR ".libs/"
| #define PACKAGE "hdbextractor"
| #define VERSION "1.0.1"
| /* end confdefs.h.  */
| #include <ac_nonexistent.h>
configure:13514: result: g++ -E
configure:13528: g++ -E  conftest.cpp
configure:13528: $? = 0
configure:13543: g++ -E  conftest.cpp
conftest.cpp:24:10: fatal error: ac_nonexistent.h: No such file or directory
   24 | #include <ac_nonexistent.h>
      |          ^~~~~~~~~~~~~~~~~~
compilation terminated.
configure:13543: $? = 1
configure: failed program was:
| /* confdefs.h */
| #define PACKAGE_NAME "hdbextractor"
| #define PACKAGE_TARNAME "hdbextractor"
| #define PACKAGE_VERSION "1.0.1"
| #define PACKAGE_STRING "hdbextractor 1.0.1"
| #define PACKAGE_BUGREPORT "giacomo.strangolino@elettra.trieste.it"
| #define PACKAGE_URL ""
| #define HAVE_STDIO_H 1
| #define HAVE_STDLIB_H 1
| #define HAVE_STRING_H 1
| #define HAVE_INTTYPES_H 1
| #define HAVE_STDINT_H 1
| #define HAVE_STRINGS_H 1
| #define HAVE_SYS_STAT_H 1
| #define HAVE_SYS_TYPES_H 1
| #define HAVE_UNISTD_H 1
| #define HAVE_SYS_TIME_H 1
| #define STDC_HEADERS 1
| #define HAVE_DLFCN_H 1
| #define LT_OBJDIR ".libs/"
| #define PACKAGE "hdbextractor"
| #define VERSION "1.0.1"
| /* end confdefs.h.  */
| #include <ac_nonexistent.h>
configure:13708: checking for ld used by g++
configure:13776: result: /usr/bin/ld -m elf_x86_64
configure:13783: checking if the linker (/usr/bin/ld -m elf_x86_64) is GNU ld
configure:13799: result: yes
configure:13854: checking whether the g++ linker (/usr/bin/ld -m elf_x86_64) supports shared libraries
configure:14931: result: yes
configure:14967: g++ -c -g -O2  conftest.cpp >&5
configure:14970: $? = 0
configure:15451: checking for g++ option to produce PIC
configure:15459: result: -fPIC -DPIC
configure:15467: checking if g++ PIC flag -fPIC -DPIC works
configure:15486: g++ -c -g -O2  -fPIC -DPIC -DPIC conftest.cpp >&5
configure:15490: $? = 0
configure:15503: result: yes
configure:15526: checking if g++ static flag -static works
configure:15555: result: yes
configure:15567: checking if g++ supports -c -o file.o
configure:15589: g++ -c -g -O2  -o out/conftest2.o conftest.cpp >&5
configure:15593: $? = 0
configure:15615: result: yes
configure:15620: checking if g++ supports -c -o file.o
configure:15668: result: yes
configure:15698: checking whether the g++ linker (/usr/bin/ld -m elf_x86_64) supports shared libraries
configure:15738: result: yes
configure:15880: checking dynamic linker characteristics
configure:16628: result: GNU/Linux ld.so
configure:16693: checking how to hardcode library paths into programs
configure:16718: result: immediate
configure:16760: checking dependency style of g++
configure:16872: result: gcc3
configure:16940: checking for gcc
configure:16972: result: gcc
configure:17325: checking for C compiler version
configure:17334: gcc --version >&5
gcc (GCC) 11.2.0
Copyright (C) 2021 Free Software Foundation, Inc.
This is free software; see the source for copying conditions.  There is NO
warranty; not even for MERCHANTABILITY or FITNESS FOR A PARTICULAR PURPOSE.

configure:17345: $? = 0
configure:17334: gcc -v >&5
Using built-in specs.
COLLECT_GCC=gcc
COLLECT_LTO_WRAPPER=/usr/lib/gcc/x86_64-pc-linux-gnu/11.2.0/lto-wrapper
Target: x86_64-pc-linux-gnu
Configured with: /build/gcc/src/gcc/configure --enable-languages=c,c++,ada,fortran,go,lto,objc,obj-c++,d --enable-bootstrap --prefix=/usr --libdir=/usr/lib --libexecdir=/usr/lib --mandir=/usr/share/man --infodir=/usr/share/info --with-bugurl=https://bugs.archlinux.org/ --with-linker-hash-style=gnu --with-system-zlib --enable-__cxa_atexit --enable-cet=auto --enable-checking=release --enable-clocale=gnu --enable-default-pie --enable-default-ssp --enable-gnu-indirect-function --enable-gnu-unique-object --enable-linker-build-id --enable-lto --enable-multilib --enable-plugin --enable-shared --enable-threads=posix --disable-libssp --disable-libstdcxx-pch --disable-werror --with-build-config=bootstrap-lto --enable-link-serialization=1 gdc_include_dir=/usr/include/dlang/gdc
Thread model: posix
Supported LTO compression algorithms: zlib zstd
gcc version 11.2.0 (GCC) 
configure:17345: $? = 0
configure:17334: gcc -V >&5
gcc: error: unrecognized command-line option '-V'
gcc: fatal error: no input files
compilation terminated.
configure:17345: $? = 1
configure:17334: gcc -qversion >&5
gcc: error: unrecognized command-line option '-qversion'; did you mean '--version'?
gcc: fatal error: no input files
compilation terminated.
configure:17345: $? = 1
configure:17334: gcc -version >&5
gcc: error: unrecognized command-line option '-version'
gcc: fatal error: no input files
compilation terminated.
configure:17345: $? = 1
configure:17349: checking whether the compiler supports GNU C
configure:17379: result: yes
configure:17390: checking whether gcc accepts -g
configure:17455: result: yes
configure:17475: checking for gcc option to enable C11 features
configure:17508: result: none needed
configure:17624: checking whether gcc understands -c and -o together
configure:17662: result: yes
configure:17684: checking how to run the C preprocessor
configure:17710: gcc -E  conftest.c
configure:17710: $? = 0
configure:17725: gcc -E  conftest.c
conftest.c:24:10: fatal error: ac_nonexistent.h: No such file or directory
   24 | #include <ac_nonexistent.h>
      |          ^~~~~~~~~~~~~~~~~~
compilation terminated.
configure:17725: $? = 1
configure: failed program was:
| /* confdefs.h */
| #define PACKAGE_NAME "hdbextractor"
| #define PACKAGE_TARNAME "hdbextractor"
| #define PACKAGE_VERSION "1.0.1"
| #define PACKAGE_STRING "hdbextractor 1.0.1"
| #define PACKAGE_BUGREPORT "giacomo.strangolino@elettra.trieste.it"
| #define PACKAGE_URL ""
| #define HAVE_STDIO_H 1
| #define HAVE_STDLIB_H 1
| #define HAVE_STRING_H 1
| #define HAVE_INTTYPES_H 1
| #define HAVE_STDINT_H 1
| #define HAVE_STRINGS_H 1
| #define HAVE_SYS_STAT_H 1
| #define HAVE_SYS_TYPES_H 1
| #define HAVE_UNISTD_H 1
| #define HAVE_SYS_TIME_H 1
| #define STDC_HEADERS 1
| #define HAVE_DLFCN_H 1
| #define LT_OBJDIR ".libs/"
| #define PACKAGE "hdbextractor"
| #define VERSION "1.0.1"
| /* end confdefs.h.  */
| #include <ac_nonexistent.h>
configure:17752: result: gcc -E
configure:17766: gcc -E  conftest.c
configure:17766: $? = 0
configure:17781: gcc -E  conftest.c
conftest.c:24:10: fatal error: ac_nonexistent.h: No such file or directory
   24 | #include <ac_nonexistent.h>
      |          ^~~~~~~~~~~~~~~~~~
compilation terminated.
configure:17781: $? = 1
configure: failed program was:
| /* confdefs.h */
| #define PACKAGE_NAME "hdbextractor"
| #define PACKAGE_TARNAME "hdbextractor"
| #define PACKAGE_VERSION "1.0.1"
| #define PACKAGE_STRING "hdbextractor 1.0.1"
| #define PACKAGE_BUGREPORT "giacomo.strangolino@elettra.trieste.it"
| #define PACKAGE_URL ""
| #define HAVE_STDIO_H 1
| #define HAVE_STDLIB_H 1
| #define HAVE_STRING_H 1
| #define HAVE_INTTYPES_H 1
| #define HAVE_STDINT_H 1
| #define HAVE_STRINGS_H 1
| #define HAVE_SYS_STAT_H 1
| #define HAVE_SYS_TYPES_H 1
| #define HAVE_UNISTD_H 1
| #define HAVE_SYS_TIME_H 1
| #define STDC_HEADERS 1
| #define HAVE_DLFCN_H 1
| #define LT_OBJDIR ".libs/"
| #define PACKAGE "hdbextractor"
| #define VERSION "1.0.1"
| /* end confdefs.h.  */
| #include <ac_nonexistent.h>
configure:17812: checking whether ln -s works
configure:17816: result: yes
configure:17823: checking whether make sets $(MAKE)
configure:17846: result: yes
configure:17860: checking for main in -lGL
configure:17880: gcc -o conftest -g -O2   conftest.c -lGL   >&5
configure:17880: $? = 0
configure:17890: result: yes
configure:17901: checking for mysql_real_connect in -lmysqlclient
configure:17924: gcc -o conftest -g -O2   conftest.c -lmysqlclient  -lGL  >&5
configure:17924: $? = 0
configure:17934: result: yes
configure:17944: checking for pthread_create in -lpthread
configure:17967: gcc -o conftest -g -O2   conftest.c -lpthread  -lmysqlclient -lGL  >&5
configure:17967: $? = 0
configure:17977: result: yes
configure:17989: checking for float.h
configure:17989: gcc -c -g -O2  conftest.c >&5
configure:17989: $? = 0
configure:17989: result: yes
configure:17995: checking for limits.h
configure:17995: gcc -c -g -O2  conftest.c >&5
configure:17995: $? = 0
configure:17995: result: yes
configure:18001: checking for stdlib.h
configure:18001: result: yes
configure:18007: checking for string.h
configure:18007: result: yes
configure:18013: checking for strings.h
configure:18013: result: yes
configure:18019: checking for sys/time.h
configure:18019: result: yes
configure:18025: checking for unistd.h
configure:18025: result: yes
configure:18031: checking for mysql.h
configure:18031: gcc -c -g -O2  conftest.c >&5
conftest.c:62:10: fatal error: mysql.h: No such file or directory
   62 | #include <mysql.h>
      |          ^~~~~~~~~
compilation terminated.
configure:18031: $? = 1
configure: failed program was:
| /* confdefs.h */
| #define PACKAGE_NAME "hdbextractor"
| #define PACKAGE_TARNAME "hdbextractor"
| #define PACKAGE_VERSION "1.0.1"
| #define PACKAGE_STRING "hdbextractor 1.0.1"
| #define PACKAGE_BUGREPORT "giacomo.strangolino@elettra.trieste.it"
| #define PACKAGE_URL ""
| #define HAVE_STDIO_H 1
| #define HAVE_STDLIB_H 1
| #define HAVE_STRING_H 1
| #define HAVE_INTTYPES_H 1
| #define HAVE_STDINT_H 1
| #define HAVE_STRINGS_H 1
| #define HAVE_SYS_STAT_H 1
| #define HAVE_SYS_TYPES_H 1
| #define HAVE_UNISTD_H 1
| #define HAVE_SYS_TIME_H 1
| #define STDC_HEADERS 1
| #define HAVE_DLFCN_H 1
| #define LT_OBJDIR ".libs/"
| #define PACKAGE "hdbextractor"
| #define VERSION "1.0.1"
| #define HAVE_LIBGL 1
| #define HAVE_LIBMYSQLCLIENT 1
| #define HAVE_LIBPTHREAD 1
| #define HAVE_FLOAT_H 1
| #define HAVE_LIMITS_H 1
| #define HAVE_STDLIB_H 1
| #define HAVE_STRING_H 1
| #define HAVE_STRINGS_H 1
| #define HAVE_SYS_TIME_H 1
| #define HAVE_UNISTD_H 1
| /* end confdefs.h.  */
| #include <stddef.h>
| #ifdef HAVE_STDIO_H
| # include <stdio.h>
| #endif
| #ifdef HAVE_STDLIB_H
| # include <stdlib.h>
| #endif
| #ifdef HAVE_STRING_H
| # include <string.h>
| #endif
| #ifdef HAVE_INTTYPES_H
| # include <inttypes.h>
| #endif
| #ifdef HAVE_STDINT_H
| # include <stdint.h>
| #endif
| #ifdef HAVE_STRINGS_H
| # include <strings.h>
| #endif
| #ifdef HAVE_SYS_TYPES_H
| # include <sys/types.h>
| #endif
| #ifdef HAVE_SYS_STAT_H
| # include <sys/stat.h>
| #endif
| #ifdef HAVE_UNISTD_H
| # include <unistd.h>
| #endif
| #include <mysql.h>
configure:18031: result: no
configure:18044: checking for size_t
configure:18044: gcc -c -g -O2  conftest.c >&5
configure:18044: $? = 0
configure:18044: gcc -c -g -O2  conftest.c >&5
conftest.c: In function 'main':
conftest.c:65:21: error: expected expression before ')' token
   65 | if (sizeof ((size_t)))
      |                     ^
configure:18044: $? = 1
configure: failed program was:
| /* confdefs.h */
| #define PACKAGE_NAME "hdbextractor"
| #define PACKAGE_TARNAME "hdbextractor"
| #define PACKAGE_VERSION "1.0.1"
| #define PACKAGE_STRING "hdbextractor 1.0.1"
| #define PACKAGE_BUGREPORT "giacomo.strangolino@elettra.trieste.it"
| #define PACKAGE_URL ""
| #define HAVE_STDIO_H 1
| #define HAVE_STDLIB_H 1
| #define HAVE_STRING_H 1
| #define HAVE_INTTYPES_H 1
| #define HAVE_STDINT_H 1
| #define HAVE_STRINGS_H 1
| #define HAVE_SYS_STAT_H 1
| #define HAVE_SYS_TYPES_H 1
| #define HAVE_UNISTD_H 1
| #define HAVE_SYS_TIME_H 1
| #define STDC_HEADERS 1
| #define HAVE_DLFCN_H 1
| #define LT_OBJDIR ".libs/"
| #define PACKAGE "hdbextractor"
| #define VERSION "1.0.1"
| #define HAVE_LIBGL 1
| #define HAVE_LIBMYSQLCLIENT 1
| #define HAVE_LIBPTHREAD 1
| #define HAVE_FLOAT_H 1
| #define HAVE_LIMITS_H 1
| #define HAVE_STDLIB_H 1
| #define HAVE_STRING_H 1
| #define HAVE_STRINGS_H 1
| #define HAVE_SYS_TIME_H 1
| #define HAVE_UNISTD_H 1
| /* end confdefs.h.  */
| #include <stddef.h>
| #ifdef HAVE_STDIO_H
| # include <stdio.h>
| #endif
| #ifdef HAVE_STDLIB_H
| # include <stdlib.h>
| #endif
| #ifdef HAVE_STRING_H
| # include <string.h>
| #endif
| #ifdef HAVE_INTTYPES_H
| # include <inttypes.h>
| #endif
| #ifdef HAVE_STDINT_H
| # include <stdint.h>
| #endif
| #ifdef HAVE_STRINGS_H
| # include <strings.h>
| #endif
| #ifdef HAVE_SYS_TYPES_H
| # include <sys/types.h>
| #endif
| #ifdef HAVE_SYS_STAT_H
| # include <sys/stat.h>
| #endif
| #ifdef HAVE_UNISTD_H
| # include <unistd.h>
| #endif
| int
| main (void)
| {
| if (sizeof ((size_t)))
| 	    return 0;
|   ;
|   return 0;
| }
configure:18044: result: yes
configure:18054: checking for ssize_t
configure:18054: gcc -c -g -O2  conftest.c >&5
configure:18054: $? = 0
configure:18054: gcc -c -g -O2  conftest.c >&5
conftest.c: In function 'main':
conftest.c:65:22: error: expected expression before ')' token
   65 | if (sizeof ((ssize_t)))
      |                      ^
configure:18054: $? = 1
configure: failed program was:
| /* confdefs.h */
| #define PACKAGE_NAME "hdbextractor"
| #define PACKAGE_TARNAME "hdbextractor"
| #define PACKAGE_VERSION "1.0.1"
| #define PACKAGE_STRING "hdbextractor 1.0.1"
| #define PACKAGE_BUGREPORT "giacomo.strangolino@elettra.trieste.it"
| #define PACKAGE_URL ""
| #define HAVE_STDIO_H 1
| #define HAVE_STDLIB_H 1
| #define HAVE_STRING_H 1
| #define HAVE_INTTYPES_H 1
| #define HAVE_STDINT_H 1
| #define HAVE_STRINGS_H 1
| #define HAVE_SYS_STAT_H 1
| #define HAVE_SYS_TYPES_H 1
| #define HAVE_UNISTD_H 1
| #define HAVE_SYS_TIME_H 1
| #define STDC_HEADERS 1
| #define HAVE_DLFCN_H 1
| #define LT_OBJDIR ".libs/"
| #define PACKAGE "hdbextractor"
| #define VERSION "1.0.1"
| #define HAVE_LIBGL 1
| #define HAVE_LIBMYSQLCLIENT 1
| #define HAVE_LIBPTHREAD 1
| #define HAVE_FLOAT_H 1
| #define HAVE_LIMITS_H 1
| #define HAVE_STDLIB_H 1
| #define HAVE_STRING_H 1
| #define HAVE_STRINGS_H 1
| #define HAVE_SYS_TIME_H 1
| #define HAVE_UNISTD_H 1
| /* end confdefs.h.  */
| #include <stddef.h>
| #ifdef HAVE_STDIO_H
| # include <stdio.h>
| #endif
| #ifdef HAVE_STDLIB_H
| # include <stdlib.h>
| #endif
| #ifdef HAVE_STRING_H
| # include <string.h>
| #endif
| #ifdef HAVE_INTTYPES_H
| # include <inttypes.h>
| #endif
| #ifdef HAVE_STDINT_H
| # include <stdint.h>
| #endif
| #ifdef HAVE_STRINGS_H
| # include <strings.h>
| #endif
| #ifdef HAVE_SYS_TYPES_H
| # include <sys/types.h>
| #endif
| #ifdef HAVE_SYS_STAT_H
| # include <sys/stat.h>
| #endif
| #ifdef HAVE_UNISTD_H
| # include <unistd.h>
| #endif
| int
| main (void)
| {
| if (sizeof ((ssize_t)))
| 	    return 0;
|   ;
|   return 0;
| }
configure:18054: result: yes
configure:18071: checking for alarm
configure:18071: gcc -o conftest -g -O2   conftest.c -lpthread -lmysqlclient -lGL  >&5
configure:18071: $? = 0
configure:18071: result: yes
configure:18082: checking for working mktime
configure:18280: gcc -o conftest -g -O2   conftest.c -lpthread -lmysqlclient -lGL  >&5
configure:18280: $? = 0
configure:18280: ./conftest
configure:18280: $? = 0
configure:18291: result: yes
configure:18302: checking for GNU libc compatible realloc
configure:18334: gcc -o conftest -g -O2   conftest.c -lpthread -lmysqlclient -lGL  >&5
configure:18334: $? = 0
configure:18334: ./conftest
configure:18334: $? = 0
configure:18345: result: yes
configure:18367: checking for working strtod
configure:18410: gcc -o conftest -g -O2   conftest.c -lpthread -lmysqlclient -lGL  >&5
configure:18410: $? = 0
configure:18410: ./conftest
configure:18410: $? = 0
configure:18421: result: yes
configure:18484: checking for gettimeofday
configure:18484: gcc -o conftest -g -O2   conftest.c -lpthread -lmysqlclient -lGL  >&5
configure:18484: $? = 0
configure:18484: result: yes
configure:18490: checking for localtime_r
configure:18490: gcc -o conftest -g -O2   conftest.c -lpthread -lmysqlclient -lGL  >&5
configure:18490: $? = 0
configure:18490: result: yes
configure:18496: checking for memset
configure:18496: gcc -o conftest -g -O2   conftest.c -lpthread -lmysqlclient -lGL  >&5
conftest.c:54:6: warning: conflicting types for built-in function 'memset'; expected 'void *(void *, int,  long unsigned int)' [-Wbuiltin-declaration-mismatch]
   54 | char memset ();
      |      ^~~~~~
conftest.c:46:1: note: 'memset' is declared in header '<string.h>'
   45 | #include <limits.h>
   46 | #undef memset
configure:18496: $? = 0
configure:18496: result: yes
configure:18502: checking for select
configure:18502: gcc -o conftest -g -O2   conftest.c -lpthread -lmysqlclient -lGL  >&5
configure:18502: $? = 0
configure:18502: result: yes
configure:18508: checking for strcasecmp
configure:18508: gcc -o conftest -g -O2   conftest.c -lpthread -lmysqlclient -lGL  >&5
conftest.c:56:6: warning: conflicting types for built-in function 'strcasecmp'; expected 'int(const char *, const char *)' [-Wbuiltin-declaration-mismatch]
   56 | char strcasecmp ();
      |      ^~~~~~~~~~
configure:18508: $? = 0
configure:18508: result: yes
configure:18514: checking for strchr
configure:18514: gcc -o conftest -g -O2   conftest.c -lpthread -lmysqlclient -lGL  >&5
conftest.c:57:6: warning: conflicting types for built-in function 'strchr'; expected 'char *(const char *, int)' [-Wbuiltin-declaration-mismatch]
   57 | char strchr ();
      |      ^~~~~~
conftest.c:49:1: note: 'strchr' is declared in header '<string.h>'
   48 | #include <limits.h>
   49 | #undef strchr
configure:18514: $? = 0
configure:18514: result: yes
configure:18520: checking for strerror
configure:18520: gcc -o conftest -g -O2   conftest.c -lpthread -lmysqlclient -lGL  >&5
configure:18520: $? = 0
configure:18520: result: yes
configure:18526: checking for strstr
configure:18526: gcc -o conftest -g -O2   conftest.c -lpthread -lmysqlclient -lGL  >&5
conftest.c:59:6: warning: conflicting types for built-in function 'strstr'; expected 'char *(const char *, const char *)' [-Wbuiltin-declaration-mismatch]
   59 | char strstr ();
      |      ^~~~~~
conftest.c:51:1: note: 'strstr' is declared in header '<string.h>'
   50 | #include <limits.h>
   51 | #undef strstr
configure:18526: $? = 0
configure:18526: result: yes
configure:18532: checking for strtol
configure:18532: gcc -o conftest -g -O2   conftest.c -lpthread -lmysqlclient -lGL  >&5
configure:18532: $? = 0
configure:18532: result: yes
configure:18538: checking for strtoul
configure:18538: gcc -o conftest -g -O2   conftest.c -lpthread -lmysqlclient -lGL  >&5
configure:18538: $? = 0
configure:18538: result: yes
configure:18664: checking for doxygen
configure:18687: found /usr/bin/doxygen
configure:18699: result: /usr/bin/doxygen
configure:18780: checking for perl
configure:18803: found /usr/bin/perl
configure:18815: result: /usr/bin/perl
configure:20510: checking for mysql_config executable
configure:20590: result: /usr/bin/mysql_config
configure:20741: checking for swig
configure:20764: found /usr/bin/swig
configure:20776: result: /usr/bin/swig
configure:20790: checking SWIG version
configure:20793: result: 4.0.2
configure:20842: checking for SWIG library
configure:20845: result: /usr/share/swig/4.0.2
configure:20899: checking for a Python interpreter with version >= 2.6
configure:20917: python -c import sys # split strings by '.' and convert to numeric. Append some zeros # because we need at least 4 digits for the hex conversion. # map returns an iterator in Python 3.0 and a list in 2.x minver = list(map(int, '2.6'.split('.'))) + [0, 0, 0] minverhex = 0 # xrange is not present in Python 3.0 and range returns an iterator for i in list(range(0, 4)): minverhex = (minverhex << 8) + minver[i] sys.exit(sys.hexversion < minverhex)
configure:20920: $? = 0
configure:20927: result: python
configure:20935: checking for python
configure:20958: found /usr/bin/python
configure:20970: result: /usr/bin/python
configure:20987: checking for python version
configure:20995: result: 3.10
configure:21000: checking for python platform
configure:21008: result: linux
configure:21069: checking for GNU default python prefix
configure:21071: result: ${prefix}
configure:21137: checking for GNU default python exec_prefix
configure:21139: result: ${exec_prefix}
configure:21170: checking for python script directory (pythondir)
configure:21205: result: ${PYTHON_PREFIX}/lib/python3.10/site-packages
configure:21213: checking for python extension module directory (pyexecdir)
configure:21248: result: ${PYTHON_EXEC_PREFIX}/lib/python3.10/site-packages
configure:21403: checking that generated files are newer than configure
configure:21409: result: done
configure:21480: creating ./config.status
configure:23764: checking for pkg-config
configure:23787: found /usr/bin/pkg-config
configure:23799: result: /usr/bin/pkg-config
configure:23824: checking pkg-config is at least version 0.9.0
configure:23827: result: yes

## ---------------- ##
## Cache variables. ##
## ---------------- ##

ac_cv_build=x86_64-unknown-linux-gnu
ac_cv_c_compiler_gnu=yes
ac_cv_cxx_compiler_gnu=yes
ac_cv_env_CCC_set=
ac_cv_env_CCC_value=
ac_cv_env_CC_set=
ac_cv_env_CC_value=
ac_cv_env_CFLAGS_set=
ac_cv_env_CFLAGS_value=
ac_cv_env_CPPFLAGS_set=
ac_cv_env_CPPFLAGS_value=
ac_cv_env_CPP_set=
ac_cv_env_CPP_value=
ac_cv_env_CXXCPP_set=
ac_cv_env_CXXCPP_value=
ac_cv_env_CXXFLAGS_set=
ac_cv_env_CXXFLAGS_value=
ac_cv_env_CXX_set=
ac_cv_env_CXX_value=
ac_cv_env_DOXYGEN_PAPER_SIZE_set=
ac_cv_env_DOXYGEN_PAPER_SIZE_value=
ac_cv_env_LDFLAGS_set=
ac_cv_env_LDFLAGS_value=
ac_cv_env_LIBS_set=
ac_cv_env_LIBS_value=
ac_cv_env_LT_SYS_LIBRARY_PATH_set=
ac_cv_env_LT_SYS_LIBRARY_PATH_value=
ac_cv_env_PKG_CONFIG_LIBDIR_set=
ac_cv_env_PKG_CONFIG_LIBDIR_value=
ac_cv_env_PKG_CONFIG_PATH_set=set
ac_cv_env_PKG_CONFIG_PATH_value=/usr/local/caserver-lib/lib/pkgconfig:/usr/local/epics/base-7.0.3.1/lib/pkgconfig:/usr/local/tango-9.4.0/lib/pkgconfig:/usr/local/omniorb-4.3.0/lib/pkgconfig:/usr/local/zeromq-4.3.4/lib/pkgconfig:/usr/local/qwt-6.2.0/lib/pkgconfig:/usr/local/cumbia-libs/lib/pkgconfig:/usr/local/hdbextractor/lib/pkgconfig
ac_cv_env_PKG_CONFIG_set=
ac_cv_env_PKG_CONFIG_value=
ac_cv_env_PYTHON_set=
ac_cv_env_PYTHON_value=
ac_cv_env_build_alias_set=
ac_cv_env_build_alias_value=
ac_cv_env_host_alias_set=
ac_cv_env_host_alias_value=
ac_cv_env_target_alias_set=
ac_cv_env_target_alias_value=
ac_cv_func_alarm=yes
ac_cv_func_gettimeofday=yes
ac_cv_func_localtime_r=yes
ac_cv_func_memset=yes
ac_cv_func_realloc_0_nonnull=yes
ac_cv_func_select=yes
ac_cv_func_strcasecmp=yes
ac_cv_func_strchr=yes
ac_cv_func_strerror=yes
ac_cv_func_strstr=yes
ac_cv_func_strtod=yes
ac_cv_func_strtol=yes
ac_cv_func_strtoul=yes
ac_cv_func_working_mktime=yes
ac_cv_header_dlfcn_h=yes
ac_cv_header_float_h=yes
ac_cv_header_inttypes_h=yes
ac_cv_header_limits_h=yes
ac_cv_header_mysql_h=no
ac_cv_header_stdint_h=yes
ac_cv_header_stdio_h=yes
ac_cv_header_stdlib_h=yes
ac_cv_header_string_h=yes
ac_cv_header_strings_h=yes
ac_cv_header_sys_stat_h=yes
ac_cv_header_sys_time_h=yes
ac_cv_header_sys_types_h=yes
ac_cv_header_unistd_h=yes
ac_cv_host=x86_64-unknown-linux-gnu
ac_cv_lib_GL_main=yes
ac_cv_lib_mysqlclient_mysql_real_connect=yes
ac_cv_lib_pthread_pthread_create=yes
ac_cv_objext=o
ac_cv_path_EGREP='/usr/bin/grep -E'
ac_cv_path_FGREP='/usr/bin/grep -F'
ac_cv_path_GREP=/usr/bin/grep
ac_cv_path_PYTHON=/usr/bin/python
ac_cv_path_SED=/usr/bin/sed
ac_cv_path_SWIG=/usr/bin/swig
ac_cv_path_ac_pt_DX_DOXYGEN=/usr/bin/doxygen
ac_cv_path_ac_pt_DX_PERL=/usr/bin/perl
ac_cv_path_ac_pt_PKG_CONFIG=/usr/bin/pkg-config
ac_cv_path_install='/usr/bin/install -c'
ac_cv_path_lt_DD=/usr/bin/dd
ac_cv_path_mkdir=/usr/bin/mkdir
ac_cv_prog_AWK=gawk
ac_cv_prog_CPP='gcc -E'
ac_cv_prog_CXXCPP='g++ -E'
ac_cv_prog_ac_ct_AR=ar
ac_cv_prog_ac_ct_CC=gcc
ac_cv_prog_ac_ct_CXX=g++
ac_cv_prog_ac_ct_OBJDUMP=objdump
ac_cv_prog_ac_ct_RANLIB=ranlib
ac_cv_prog_ac_ct_STRIP=strip
ac_cv_prog_cc_c11=
ac_cv_prog_cc_g=yes
ac_cv_prog_cc_stdc=
ac_cv_prog_cxx_11=no
ac_cv_prog_cxx_cxx11=
ac_cv_prog_cxx_g=yes
ac_cv_prog_cxx_stdcxx=
ac_cv_prog_make_make_set=yes
ac_cv_type_size_t=yes
ac_cv_type_ssize_t=yes
am_cv_CC_dependencies_compiler_type=gcc3
am_cv_CXX_dependencies_compiler_type=gcc3
am_cv_make_support_nested_variables=yes
am_cv_pathless_PYTHON=python
am_cv_prog_cc_c_o=yes
am_cv_python_platform=linux
am_cv_python_pyexecdir='${PYTHON_EXEC_PREFIX}/lib/python3.10/site-packages'
am_cv_python_pythondir='${PYTHON_PREFIX}/lib/python3.10/site-packages'
am_cv_python_version=3.10
lt_cv_ar_at_file=@
lt_cv_archive_cmds_need_lc=no
lt_cv_deplibs_check_method=pass_all
lt_cv_file_magic_cmd='$MAGIC_CMD'
lt_cv_file_magic_test_file=
lt_cv_ld_reload_flag=-r
lt_cv_nm_interface='BSD nm'
lt_cv_objdir=.libs
lt_cv_path_LD=/usr/bin/ld
lt_cv_path_LDCXX='/usr/bin/ld -m elf_x86_64'
lt_cv_path_NM='/usr/bin/nm -B'
lt_cv_path_mainfest_tool=no
lt_cv_prog_compiler_c_o=yes
lt_cv_prog_compiler_c_o_CXX=yes
lt_cv_prog_compiler_pic='-fPIC -DPIC'
lt_cv_prog_compiler_pic_CXX='-fPIC -DPIC'
lt_cv_prog_compiler_pic_works=yes
lt_cv_prog_compiler_pic_works_CXX=yes
lt_cv_prog_compiler_rtti_exceptions=no
lt_cv_prog_compiler_static_works=yes
lt_cv_prog_compiler_static_works_CXX=yes
lt_cv_prog_gnu_ld=yes
lt_cv_prog_gnu_ldcxx=yes
lt_cv_sharedlib_from_linklib_cmd='printf %s\n'
lt_cv_shlibpath_overrides_runpath=no
lt_cv_sys_global_symbol_pipe='sed -n -e '\''s/^.*[	 ]\([ABCDGIRSTW][ABCDGIRSTW]*\)[	 ][	 ]*\([_A-Za-z][_A-Za-z0-9]*\)$/\1 \2 \2/p'\'' | sed '\''/ __gnu_lto/d'\'''
lt_cv_sys_global_symbol_to_c_name_address='sed -n -e '\''s/^: \(.*\) .*$/  {"\1", (void *) 0},/p'\'' -e '\''s/^[ABCDGIRSTW][ABCDGIRSTW]* .* \(.*\)$/  {"\1", (void *) \&\1},/p'\'''
lt_cv_sys_global_symbol_to_c_name_address_lib_prefix='sed -n -e '\''s/^: \(.*\) .*$/  {"\1", (void *) 0},/p'\'' -e '\''s/^[ABCDGIRSTW][ABCDGIRSTW]* .* \(lib.*\)$/  {"\1", (void *) \&\1},/p'\'' -e '\''s/^[ABCDGIRSTW][ABCDGIRSTW]* .* \(.*\)$/  {"lib\1", (void *) \&\1},/p'\'''
lt_cv_sys_global_symbol_to_cdecl='sed -n -e '\''s/^T .* \(.*\)$/extern int \1();/p'\'' -e '\''s/^[ABCDGIRSTW][ABCDGIRSTW]* .* \(.*\)$/extern char \1;/p'\'''
lt_cv_sys_global_symbol_to_import=
lt_cv_sys_max_cmd_len=1572864
lt_cv_to_host_file_cmd=func_convert_file_noop
lt_cv_to_tool_file_cmd=func_convert_file_noop
lt_cv_truncate_bin='/usr/bin/dd bs=4096 count=1'

## ----------------- ##
## Output variables. ##
## ----------------- ##

ACLOCAL='${SHELL} '\''/home/giacomo/devel/utils/git/hdbextractor/missing'\'' aclocal-1.16'
AMDEPBACKSLASH='\'
AMDEP_FALSE='#'
AMDEP_TRUE=''
AMTAR='$${TAR-tar}'
AM_BACKSLASH='\'
AM_DEFAULT_V='$(AM_DEFAULT_VERBOSITY)'
AM_DEFAULT_VERBOSITY='1'
AM_V='$(V)'
AR='ar'
AUTOCONF='${SHELL} '\''/home/giacomo/devel/utils/git/hdbextractor/missing'\'' autoconf'
AUTOHEADER='${SHELL} '\''/home/giacomo/devel/utils/git/hdbextractor/missing'\'' autoheader'
AUTOMAKE='${SHELL} '\''/home/giacomo/devel/utils/git/hdbextractor/missing'\'' automake-1.16'
AWK='gawk'
CC='gcc'
CCDEPMODE='depmode=gcc3'
CFLAGS='-g -O2'
CPP='gcc -E'
CPPFLAGS=''
CSCOPE='cscope'
CTAGS='ctags'
CXX='g++'
CXXCPP='g++ -E'
CXXDEPMODE='depmode=gcc3'
CXXFLAGS='-g -O2'
CYGPATH_W='echo'
DEFS='-DPACKAGE_NAME=\"hdbextractor\" -DPACKAGE_TARNAME=\"hdbextractor\" -DPACKAGE_VERSION=\"1.0.1\" -DPACKAGE_STRING=\"hdbextractor\ 1.0.1\" -DPACKAGE_BUGREPORT=\"giacomo.strangolino@elettra.trieste.it\" -DPACKAGE_URL=\"\" -DHAVE_STDIO_H=1 -DHAVE_STDLIB_H=1 -DHAVE_STRING_H=1 -DHAVE_INTTYPES_H=1 -DHAVE_STDINT_H=1 -DHAVE_STRINGS_H=1 -DHAVE_SYS_STAT_H=1 -DHAVE_SYS_TYPES_H=1 -DHAVE_UNISTD_H=1 -DHAVE_SYS_TIME_H=1 -DSTDC_HEADERS=1 -DHAVE_DLFCN_H=1 -DLT_OBJDIR=\".libs/\" -DPACKAGE=\"hdbextractor\" -DVERSION=\"1.0.1\" -DHAVE_LIBGL=1 -DHAVE_LIBMYSQLCLIENT=1 -DHAVE_LIBPTHREAD=1 -DHAVE_FLOAT_H=1 -DHAVE_LIMITS_H=1 -DHAVE_STDLIB_H=1 -DHAVE_STRING_H=1 -DHAVE_STRINGS_H=1 -DHAVE_SYS_TIME_H=1 -DHAVE_UNISTD_H=1 -DHAVE_ALARM=1 -DHAVE_REALLOC=1 -DHAVE_GETTIMEOFDAY=1 -DHAVE_LOCALTIME_R=1 -DHAVE_MEMSET=1 -DHAVE_SELECT=1 -DHAVE_STRCASECMP=1 -DHAVE_STRCHR=1 -DHAVE_STRERROR=1 -DHAVE_STRSTR=1 -DHAVE_STRTOL=1 -DHAVE_STRTOUL=1 -DHDBEXTRACTORLIB_PRINTINFO=1'
DEPDIR='.deps'
DLLTOOL='false'
DOXYGEN_PAPER_SIZE=''
DSYMUTIL=''
DUMPBIN=''
DX_COND_chi_FALSE=''
DX_COND_chi_TRUE='#'
DX_COND_chm_FALSE=''
DX_COND_chm_TRUE='#'
DX_COND_doc_FALSE='#'
DX_COND_doc_TRUE=''
DX_COND_dot_FALSE=''
DX_COND_dot_TRUE='#'
DX_COND_html_FALSE='#'
DX_COND_html_TRUE=''
DX_COND_latex_FALSE=''
DX_COND_latex_TRUE='#'
DX_COND_man_FALSE=''
DX_COND_man_TRUE='#'
DX_COND_pdf_FALSE=''
DX_COND_pdf_TRUE='#'
DX_COND_ps_FALSE=''
DX_COND_ps_TRUE='#'
DX_COND_rtf_FALSE=''
DX_COND_rtf_TRUE='#'
DX_COND_xml_FALSE=''
DX_COND_xml_TRUE='#'
DX_CONFIG='Doxyfile.in'
DX_DOCDIR='doc'
DX_DOT=''
DX_DOXYGEN='/usr/bin/doxygen'
DX_DVIPS=''
DX_EGREP=''
DX_ENV=' SRCDIR='\''.'\'' PROJECT='\''hdbextractor'\'' DOCDIR='\''doc'\'' VERSION='\''1.0.1'\'' PERL_PATH='\''/usr/bin/perl'\'' HAVE_DOT='\''NO'\'' GENERATE_MAN='\''NO'\'' GENERATE_RTF='\''NO'\'' GENERATE_XML='\''NO'\'' GENERATE_HTMLHELP='\''NO'\'' GENERATE_CHI='\''NO'\'' GENERATE_HTML='\''YES'\'' GENERATE_LATEX='\''NO'\'''
DX_FLAG_chi='0'
DX_FLAG_chm='0'
DX_FLAG_doc='1'
DX_FLAG_dot='0'
DX_FLAG_html='1'
DX_FLAG_man='0'
DX_FLAG_pdf='0'
DX_FLAG_ps='0'
DX_FLAG_rtf='0'
DX_FLAG_xml='0'
DX_HHC=''
DX_LATEX=''
DX_MAKEINDEX=''
DX_PDFLATEX=''
DX_PERL='/usr/bin/perl'
DX_PROJECT='hdbextractor'
ECHO_C=''
ECHO_N='-n'
ECHO_T=''
EGREP='/usr/bin/grep -E'
ETAGS='etags'
EXEEXT=''
FGREP='/usr/bin/grep -F'
GREP='/usr/bin/grep'
HDBX_VERSION='1:0:1'
INSTALL_DATA='${INSTALL} -m 644'
INSTALL_PROGRAM='${INSTALL}'
INSTALL_SCRIPT='${INSTALL}'
INSTALL_STRIP_PROGRAM='$(install_sh) -c -s'
LD='/usr/bin/ld -m elf_x86_64'
LDFLAGS=''
LIBOBJS=''
LIBS='-lpthread -lmysqlclient -lGL '
LIBTOOL='$(SHELL) $(top_builddir)/libtool'
LIPO=''
LN_S='ln -s'
LTLIBOBJS=''
LT_SYS_LIBRARY_PATH=''
MAKEINFO='${SHELL} '\''/home/giacomo/devel/utils/git/hdbextractor/missing'\'' makeinfo'
MANIFEST_TOOL=':'
MKDIR_P='/usr/bin/mkdir -p'
MYSQL_CFLAGS=' -I/usr/include/mysql -I/usr/include/mysql/mysql'
MYSQL_CXXFLAGS=' -I/usr/include/mysql -I/usr/include/mysql/mysql'
MYSQL_FORK='mysql'
MYSQL_LDFLAGS=' -L/usr/lib/ -lmariadb'
MYSQL_LIBS=''
MYSQL_PLUGIN_DIR=''
MYSQL_SRCDIR=''
MYSQL_VERSION='10.7.3'
NM='/usr/bin/nm -B'
NMEDIT=''
OBJDUMP='objdump'
OBJEXT='o'
OTOOL64=''
OTOOL=''
PACKAGE='hdbextractor'
PACKAGE_BUGREPORT='giacomo.strangolino@elettra.trieste.it'
PACKAGE_NAME='hdbextractor'
PACKAGE_STRING='hdbextractor 1.0.1'
PACKAGE_TARNAME='hdbextractor'
PACKAGE_URL=''
PACKAGE_VERSION='1.0.1'
PATH_SEPARATOR=':'
PKG_CONFIG='/usr/bin/pkg-config'
PKG_CONFIG_LIBDIR=''
PKG_CONFIG_PATH='/usr/local/caserver-lib/lib/pkgconfig:/usr/local/epics/base-7.0.3.1/lib/pkgconfig:/usr/local/tango-9.4.0/lib/pkgconfig:/usr/local/omniorb-4.3.0/lib/pkgconfig:/usr/local/zeromq-4.3.4/lib/pkgconfig:/usr/local/qwt-6.2.0/lib/pkgconfig:/usr/local/cumbia-libs/lib/pkgconfig:/usr/local/hdbextractor/lib/pkgconfig'
POW_LIB=''
PYTHON='/usr/bin/python'
PYTHON_EXEC_PREFIX='${exec_prefix}'
PYTHON_PLATFORM='linux'
PYTHON_PREFIX='${prefix}'
PYTHON_VERSION='3.10'
RANLIB='ranlib'
SED='/usr/bin/sed'
SET_MAKE=''
SHELL='/bin/sh'
STRIP='strip'
SWIG='/usr/bin/swig'
SWIG_LIB='/usr/share/swig/4.0.2'
VERSION='1.0.1'
ac_ct_AR='ar'
ac_ct_CC='gcc'
ac_ct_CXX='g++'
ac_ct_DUMPBIN=''
am__EXEEXT_FALSE=''
am__EXEEXT_TRUE='#'
am__fastdepCC_FALSE='#'
am__fastdepCC_TRUE=''
am__fastdepCXX_FALSE='#'
am__fastdepCXX_TRUE=''
am__include='include'
am__isrc=''
am__leading_dot='.'
am__nodep='_no'
am__quote=''
am__tar='$${TAR-tar} chof - "$$tardir"'
am__untar='$${TAR-tar} xf -'
bindir='${exec_prefix}/bin'
build='x86_64-unknown-linux-gnu'
build_alias=''
build_cpu='x86_64'
build_os='linux-gnu'
build_vendor='unknown'
datadir='${datarootdir}'
datarootdir='${prefix}/share'
docdir='${datarootdir}/doc/${PACKAGE_TARNAME}'
dvidir='${docdir}'
exec_prefix='${prefix}'
host='x86_64-unknown-linux-gnu'
host_alias=''
host_cpu='x86_64'
host_os='linux-gnu'
host_vendor='unknown'
htmldir='${docdir}'
includedir='${prefix}/include'
infodir='${datarootdir}/info'
install_sh='${SHELL} /home/giacomo/devel/utils/git/hdbextractor/install-sh'
libdir='${exec_prefix}/lib'
libexecdir='${exec_prefix}/libexec'
localedir='${datarootdir}/locale'
localstatedir='${prefix}/var'
mandir='${datarootdir}/man'
mkdir_p='$(MKDIR_P)'
oldincludedir='/usr/include'
pdfdir='${docdir}'
pkgconfigdir='${libdir}/pkgconfig'
pkgpyexecdir='${pyexecdir}/hdbextractor'
pkgpythondir='${pythondir}/hdbextractor'
prefix='/usr/local/hdbextractor'
program_transform_name='s,x,x,'
psdir='${docdir}'
pyexecdir='${PYTHON_EXEC_PREFIX}/lib/python3.10/site-packages'
pythondir='${PYTHON_PREFIX}/lib/python3.10/site-packages'
runstatedir='${localstatedir}/run'
sbindir='${exec_prefix}/sbin'
sharedstatedir='${prefix}/com'
sysconfdir='${prefix}/etc'
target_alias=''

## ----------- ##
## confdefs.h. ##
## ----------- ##

/* confdefs.h */
#define PACKAGE_NAME "hdbextractor"
#define PACKAGE_TARNAME "hdbextractor"
#define PACKAGE_VERSION "1.0.1"
#define PACKAGE_STRING "hdbextractor 1.0.1"
#define PACKAGE_BUGREPORT "giacomo.strangolino@elettra.trieste.it"
#define PACKAGE_URL ""
#define HAVE_STDIO_H 1
#define HAVE_STDLIB_H 1
#define HAVE_STRING_H 1
#define HAVE_INTTYPES_H 1
#define HAVE_STDINT_H 1
#define HAVE_STRINGS_H 1
#define HAVE_SYS_STAT_H 1
#define HAVE_SYS_TYPES_H 1
#define HAVE_UNISTD_H 1
#define HAVE_SYS_TIME_H 1
#define STDC_HEADERS 1
#define HAVE_DLFCN_H 1
#define LT_OBJDIR ".libs/"
#define PACKAGE "hdbextractor"
#define VERSION "1.0.1"
#define HAVE_LIBGL 1
#define HAVE_LIBMYSQLCLIENT 1
#define HAVE_LIBPTHREAD 1
#define HAVE_FLOAT_H 1
#define HAVE_LIMITS_H 1
#define HAVE_STDLIB_H 1
#define HAVE_STRING_H 1
#define HAVE_STRINGS_H 1
#define HAVE_SYS_TIME_H 1
#define HAVE_UNISTD_H 1
#define HAVE_ALARM 1
#define HAVE_REALLOC 1
#define HAVE_GETTIMEOFDAY 1
#define HAVE_LOCALTIME_R 1
#define HAVE_MEMSET 1
#define HAVE_SELECT 1
#define HAVE_STRCASECMP 1
#define HAVE_STRCHR 1
#define HAVE_STRERROR 1
#define HAVE_STRSTR 1
#define HAVE_STRTOL 1
#define HAVE_STRTOUL 1
#define HDBEXTRACTORLIB_PRINTINFO 1

configure: exit 0

## ---------------------- ##
## Running config.status. ##
## ---------------------- ##

This file was extended by hdbextractor config.status 1.0.1, which was
generated by GNU Autoconf 2.71.  Invocation command line was

  CONFIG_FILES    = 
  CONFIG_HEADERS  = 
  CONFIG_LINKS    = 
  CONFIG_COMMANDS = 
  $ ./config.status 

on taeyang

config.status:1146: creating Makefile
config.status:1146: creating src/Makefile
config.status:1146: creating pyext/Makefile
config.status:1146: creating hdbextractor++.pc
config.status:1318: executing libtool commands
config.status:1318: executing depfiles commands
config.status:2106: cd src       && sed -e '/# am--include-marker/d' Makefile         | make -f - am--depfiles
make[1]: warning: jobserver unavailable: using -j1.  Add '+' to parent make rule.
make[1]: Entering directory '/home/giacomo/devel/utils/git/hdbextractor/src'
make[1]: Nothing to be done for 'am--depfiles'.
make[1]: Leaving directory '/home/giacomo/devel/utils/git/hdbextractor/src'
config.status:2111: $? = 0
config.status:2106: cd pyext       && sed -e '/# am--include-marker/d' Makefile         | make -f - am--depfiles
make[1]: warning: jobserver unavailable: using -j1.  Add '+' to parent make rule.
make[1]: Entering directory '/home/giacomo/devel/utils/git/hdbextractor/pyext'
make[1]: Nothing to be done for 'am--depfiles'.
make[1]: Leaving directory '/home/giacomo/devel/utils/git/hdbextractor/pyext'
config.status:2111: $? = 0

## ---------------------- ##
## Running config.status. ##
## ---------------------- ##

This file was extended by hdbextractor config.status 1.0.1, which was
generated by GNU Autoconf 2.71.  Invocation command line was

  CONFIG_FILES    = 
  CONFIG_HEADERS  = 
  CONFIG_LINKS    = 
  CONFIG_COMMANDS = 
  $ ./config.status pyext/Makefile depfiles

on taeyang

config.status:1146: creating pyext/Makefile
config.status:1318: executing depfiles commands
config.status:2106: cd pyext       && sed -e '/# am--include-marker/d' Makefile         | make -f - am--depfiles
make[2]: Entering directory '/home/giacomo/devel/utils/git/hdbextractor/pyext'
make[2]: Nothing to be done for 'am--depfiles'.
make[2]: Leaving directory '/home/giacomo/devel/utils/git/hdbextractor/pyext'
config.status:2111: $? = 0

## ---------------------- ##
## Running config.status. ##
## ---------------------- ##

This file was extended by hdbextractor config.status 1.0.1, which was
generated by GNU Autoconf 2.71.  Invocation command line was

  CONFIG_FILES    = 
  CONFIG_HEADERS  = 
  CONFIG_LINKS    = 
  CONFIG_COMMANDS = 
  $ ./config.status pyext/Makefile depfiles

on taeyang

config.status:1146: creating pyext/Makefile
config.status:1318: executing depfiles commands
config.status:2106: cd pyext       && sed -e '/# am--include-marker/d' Makefile         | make -f - am--depfiles
make[2]: Entering directory '/home/giacomo/devel/utils/git/hdbextractor/pyext'
make[2]: Nothing to be done for 'am--depfiles'.
make[2]: Leaving directory '/home/giacomo/devel/utils/git/hdbextractor/pyext'
config.status:2111: $? = 0
